# JRE version: OpenJDK Runtime Environment Corretto-21.0.3.9.1 (21.0.3+9) (build 21.0.3+9-LTS)
# Java VM: OpenJDK 64-Bit Server VM Corretto-21.0.3.9.1 (21.0.3+9-LTS, mixed mode, sharing, tiered, compressed oops, compressed class ptrs, g1 gc, windows-amd64)
GC Precious Log:
 CardTable entry size: 512
 Card Set container configuration: InlinePtr #cards 5 size 8 Array Of Cards #cards 12 size 40 Howl #buckets 4 coarsen threshold 1843 Howl Bitmap #cards 512 size 80 coarsen threshold 460 Card regions per heap region 1 cards per card region 2048
 CPUs: 8 total, 8 available
 Memory: 3863M
 Large Page Support: Disabled
 NUMA Support: Disabled
 Compressed Oops: Enabled (32-bit)
 Heap Region Size: 1M
 Heap Min Capacity: 256M
 Heap Initial Capacity: 256M
 Heap Max Capacity: 512M
 Pre-touch: Disabled
 Parallel Workers: 8
 Concurrent Workers: 2
 Concurrent Refinement Workers: 8
 Periodic GC: Disabled
Heap:
 garbage-first heap   total 262144K, used 61083K [0x00000000e0000000, 0x0000000100000000)
  region size 1024K, 31 young (31744K), 20 survivors (20480K)
 Metaspace       used 57666K, committed 59584K, reserved 393216K
  class space    used 8205K, committed 9152K, reserved 327680K
GC Heap History (16 events):
Event: 2.597 GC heap before
{Heap before GC invocations=0 (full 0):
 garbage-first heap   total 262144K, used 26624K [0x00000000e0000000, 0x0000000100000000)
  region size 1024K, 23 young (23552K), 0 survivors (0K)
 Metaspace       used 3187K, committed 3328K, reserved 393216K
  class space    used 402K, committed 448K, reserved 327680K
}
Event: 2.614 GC heap after
{Heap after GC invocations=1 (full 0):
 garbage-first heap   total 262144K, used 11306K [0x00000000e0000000, 0x0000000100000000)
  region size 1024K, 3 young (3072K), 3 survivors (3072K)
 Metaspace       used 3187K, committed 3328K, reserved 393216K
  class space    used 402K, committed 448K, reserved 327680K
}
Event: 4.236 GC heap before
{Heap before GC invocations=1 (full 0):
 garbage-first heap   total 262144K, used 41002K [0x00000000e0000000, 0x0000000100000000)
  region size 1024K, 32 young (32768K), 3 survivors (3072K)
 Metaspace       used 4127K, committed 4352K, reserved 393216K
  class space    used 502K, committed 640K, reserved 327680K
}
Event: 4.243 GC heap after
{Heap after GC invocations=2 (full 0):
 garbage-first heap   total 262144K, used 11701K [0x00000000e0000000, 0x0000000100000000)
  region size 1024K, 1 young (1024K), 1 survivors (1024K)
 Metaspace       used 4127K, committed 4352K, reserved 393216K
  class space    used 502K, committed 640K, reserved 327680K
}
Event: 20.232 GC heap before
{Heap before GC invocations=2 (full 0):
 garbage-first heap   total 262144K, used 117173K [0x00000000e0000000, 0x0000000100000000)
  region size 1024K, 104 young (106496K), 1 survivors (1024K)
 Metaspace       used 20832K, committed 21504K, reserved 393216K
  class space    used 3008K, committed 3328K, reserved 327680K
}
Event: 20.358 GC heap after
{Heap after GC invocations=3 (full 0):
 garbage-first heap   total 262144K, used 23758K [0x00000000e0000000, 0x0000000100000000)
  region size 1024K, 13 young (13312K), 13 survivors (13312K)
 Metaspace       used 20832K, committed 21504K, reserved 393216K
  class space    used 3008K, committed 3328K, reserved 327680K
}
Event: 34.667 GC heap before
{Heap before GC invocations=4 (full 0):
 garbage-first heap   total 262144K, used 107726K [0x00000000e0000000, 0x0000000100000000)
  region size 1024K, 97 young (99328K), 13 survivors (13312K)
 Metaspace       used 34755K, committed 35968K, reserved 393216K
  class space    used 5038K, committed 5632K, reserved 327680K
}
Event: 34.787 GC heap after
{Heap after GC invocations=5 (full 0):
 garbage-first heap   total 262144K, used 29189K [0x00000000e0000000, 0x0000000100000000)
  region size 1024K, 6 young (6144K), 6 survivors (6144K)
 Metaspace       used 34755K, committed 35968K, reserved 393216K
  class space    used 5038K, committed 5632K, reserved 327680K
}
Event: 35.468 GC heap before
{Heap before GC invocations=5 (full 0):
 garbage-first heap   total 262144K, used 33285K [0x00000000e0000000, 0x0000000100000000)
  region size 1024K, 11 young (11264K), 6 survivors (6144K)
 Metaspace       used 35160K, committed 36288K, reserved 393216K
  class space    used 5070K, committed 5632K, reserved 327680K
}
Event: 35.595 GC heap after
{Heap after GC invocations=6 (full 0):
 garbage-first heap   total 262144K, used 31065K [0x00000000e0000000, 0x0000000100000000)
  region size 1024K, 8 young (8192K), 8 survivors (8192K)
 Metaspace       used 35160K, committed 36288K, reserved 393216K
  class space    used 5070K, committed 5632K, reserved 327680K
}
Event: 38.308 GC heap before
{Heap before GC invocations=6 (full 0):
 garbage-first heap   total 262144K, used 53593K [0x00000000e0000000, 0x0000000100000000)
  region size 1024K, 31 young (31744K), 8 survivors (8192K)
 Metaspace       used 35416K, committed 36608K, reserved 393216K
  class space    used 5092K, committed 5696K, reserved 327680K
}
Event: 38.326 GC heap after
{Heap after GC invocations=7 (full 0):
 garbage-first heap   total 262144K, used 31617K [0x00000000e0000000, 0x0000000100000000)
  region size 1024K, 8 young (8192K), 8 survivors (8192K)
 Metaspace       used 35416K, committed 36608K, reserved 393216K
  class space    used 5092K, committed 5696K, reserved 327680K
}
Event: 77.566 GC heap before
{Heap before GC invocations=8 (full 0):
 garbage-first heap   total 262144K, used 186241K [0x00000000e0000000, 0x0000000100000000)
  region size 1024K, 153 young (156672K), 8 survivors (8192K)
 Metaspace       used 51616K, committed 53440K, reserved 393216K
  class space    used 7484K, committed 8384K, reserved 327680K
}
Event: 77.670 GC heap after
{Heap after GC invocations=9 (full 0):
 garbage-first heap   total 262144K, used 41841K [0x00000000e0000000, 0x0000000100000000)
  region size 1024K, 18 young (18432K), 18 survivors (18432K)
 Metaspace       used 51616K, committed 53440K, reserved 393216K
  class space    used 7484K, committed 8384K, reserved 327680K
}
Event: 143.755 GC heap before
{Heap before GC invocations=9 (full 0):
 garbage-first heap   total 262144K, used 179057K [0x00000000e0000000, 0x0000000100000000)
  region size 1024K, 153 young (156672K), 18 survivors (18432K)
 Metaspace       used 57556K, committed 59456K, reserved 393216K
  class space    used 8205K, committed 9152K, reserved 327680K
}
Event: 144.175 GC heap after
{Heap after GC invocations=10 (full 0):
 garbage-first heap   total 262144K, used 50843K [0x00000000e0000000, 0x0000000100000000)
  region size 1024K, 20 young (20480K), 20 survivors (20480K)
 Metaspace       used 57556K, committed 59456K, reserved 393216K
  class space    used 8205K, committed 9152K, reserved 327680K
}

