# JRE version: OpenJDK Runtime Environment JBR-17.0.11+1-1207.24-jcef (17.0.11+1) (build 17.0.11+1-b1207.24)
# Java VM: OpenJDK 64-Bit Server VM JBR-17.0.11+1-1207.24-jcef (17.0.11+1-b1207.24, mixed mode, tiered, compressed oops, compressed class ptrs, g1 gc, windows-amd64)
GC Precious Log:
 CPUs: 8 total, 8 available
 Memory: 3863M
 Large Page Support: Disabled
 NUMA Support: Disabled
 Compressed Oops: Enabled (32-bit)
 Heap Region Size: 1M
 Heap Min Capacity: 256M
 Heap Initial Capacity: 256M
 Heap Max Capacity: 512M
 Pre-touch: Disabled
 Parallel Workers: 8
 Concurrent Workers: 2
 Concurrent Refinement Workers: 8
 Periodic GC: Disabled
Heap:
 garbage-first heap   total 262144K, used 104448K [0x00000000e0000000, 0x0000000100000000)
  region size 1024K, 39 young (39936K), 2 survivors (2048K)
 Metaspace       used 76153K, committed 76800K, reserved 458752K
  class space    used 10190K, committed 10496K, reserved 327680K
GC Heap History (18 events):
Event: 2.548 GC heap before
{Heap before GC invocations=0 (full 0):
 garbage-first heap   total 262144K, used 26624K [0x00000000e0000000, 0x0000000100000000)
  region size 1024K, 23 young (23552K), 0 survivors (0K)
 Metaspace       used 10384K, committed 10560K, reserved 393216K
  class space    used 1070K, committed 1152K, reserved 327680K
}
Event: 2.581 GC heap after
{Heap after GC invocations=1 (full 0):
 garbage-first heap   total 262144K, used 10447K [0x00000000e0000000, 0x0000000100000000)
  region size 1024K, 3 young (3072K), 3 survivors (3072K)
 Metaspace       used 10384K, committed 10560K, reserved 393216K
  class space    used 1070K, committed 1152K, reserved 327680K
}
Event: 3.657 GC heap before
{Heap before GC invocations=1 (full 0):
 garbage-first heap   total 262144K, used 38095K [0x00000000e0000000, 0x0000000100000000)
  region size 1024K, 30 young (30720K), 3 survivors (3072K)
 Metaspace       used 11481K, committed 11648K, reserved 393216K
  class space    used 1199K, committed 1280K, reserved 327680K
}
Event: 3.660 GC heap after
{Heap after GC invocations=2 (full 0):
 garbage-first heap   total 262144K, used 11668K [0x00000000e0000000, 0x0000000100000000)
  region size 1024K, 1 young (1024K), 1 survivors (1024K)
 Metaspace       used 11481K, committed 11648K, reserved 393216K
  class space    used 1199K, committed 1280K, reserved 327680K
}
Event: 5.658 GC heap before
{Heap before GC invocations=2 (full 0):
 garbage-first heap   total 262144K, used 62868K [0x00000000e0000000, 0x0000000100000000)
  region size 1024K, 51 young (52224K), 1 survivors (1024K)
 Metaspace       used 21264K, committed 21504K, reserved 393216K
  class space    used 2501K, committed 2624K, reserved 327680K
}
Event: 5.669 GC heap after
{Heap after GC invocations=3 (full 0):
 garbage-first heap   total 262144K, used 19249K [0x00000000e0000000, 0x0000000100000000)
  region size 1024K, 9 young (9216K), 9 survivors (9216K)
 Metaspace       used 21264K, committed 21504K, reserved 393216K
  class space    used 2501K, committed 2624K, reserved 327680K
}
Event: 11.777 GC heap before
{Heap before GC invocations=4 (full 0):
 garbage-first heap   total 262144K, used 122673K [0x00000000e0000000, 0x0000000100000000)
  region size 1024K, 112 young (114688K), 9 survivors (9216K)
 Metaspace       used 35603K, committed 35968K, reserved 393216K
  class space    used 4864K, committed 5056K, reserved 327680K
}
Event: 11.796 GC heap after
{Heap after GC invocations=5 (full 0):
 garbage-first heap   total 262144K, used 24317K [0x00000000e0000000, 0x0000000100000000)
  region size 1024K, 14 young (14336K), 14 survivors (14336K)
 Metaspace       used 35603K, committed 35968K, reserved 393216K
  class space    used 4864K, committed 5056K, reserved 327680K
}
Event: 31.330 GC heap before
{Heap before GC invocations=6 (full 0):
 garbage-first heap   total 262144K, used 172797K [0x00000000e0000000, 0x0000000100000000)
  region size 1024K, 153 young (156672K), 14 survivors (14336K)
 Metaspace       used 53883K, committed 54336K, reserved 393216K
  class space    used 7252K, committed 7424K, reserved 327680K
}
Event: 31.445 GC heap after
{Heap after GC invocations=7 (full 0):
 garbage-first heap   total 262144K, used 34565K [0x00000000e0000000, 0x0000000100000000)
  region size 1024K, 15 young (15360K), 15 survivors (15360K)
 Metaspace       used 53883K, committed 54336K, reserved 393216K
  class space    used 7252K, committed 7424K, reserved 327680K
}
Event: 56.878 GC heap before
{Heap before GC invocations=7 (full 0):
 garbage-first heap   total 262144K, used 118533K [0x00000000e0000000, 0x0000000100000000)
  region size 1024K, 98 young (100352K), 15 survivors (15360K)
 Metaspace       used 59617K, committed 60096K, reserved 393216K
  class space    used 8191K, committed 8448K, reserved 327680K
}
Event: 57.035 GC heap after
{Heap after GC invocations=8 (full 0):
 garbage-first heap   total 262144K, used 41834K [0x00000000e0000000, 0x0000000100000000)
  region size 1024K, 17 young (17408K), 17 survivors (17408K)
 Metaspace       used 59617K, committed 60096K, reserved 393216K
  class space    used 8191K, committed 8448K, reserved 327680K
}
Event: 86.199 GC heap before
{Heap before GC invocations=9 (full 0):
 garbage-first heap   total 262144K, used 180074K [0x00000000e0000000, 0x0000000100000000)
  region size 1024K, 153 young (156672K), 17 survivors (17408K)
 Metaspace       used 64853K, committed 65344K, reserved 393216K
  class space    used 8790K, committed 9024K, reserved 327680K
}
Event: 86.383 GC heap after
{Heap after GC invocations=10 (full 0):
 garbage-first heap   total 262144K, used 52028K [0x00000000e0000000, 0x0000000100000000)
  region size 1024K, 18 young (18432K), 18 survivors (18432K)
 Metaspace       used 64853K, committed 65344K, reserved 393216K
  class space    used 8790K, committed 9024K, reserved 327680K
}
Event: 136.768 GC heap before
{Heap before GC invocations=10 (full 0):
 garbage-first heap   total 262144K, used 191292K [0x00000000e0000000, 0x0000000100000000)
  region size 1024K, 153 young (156672K), 18 survivors (18432K)
 Metaspace       used 74610K, committed 75200K, reserved 393216K
  class space    used 9986K, committed 10240K, reserved 327680K
}
Event: 138.654 GC heap after
{Heap after GC invocations=11 (full 0):
 garbage-first heap   total 262144K, used 65262K [0x00000000e0000000, 0x0000000100000000)
  region size 1024K, 20 young (20480K), 20 survivors (20480K)
 Metaspace       used 74610K, committed 75200K, reserved 393216K
  class space    used 9986K, committed 10240K, reserved 327680K
}
Event: 138.987 GC heap before
{Heap before GC invocations=11 (full 0):
 garbage-first heap   total 262144K, used 65262K [0x00000000e0000000, 0x0000000100000000)
  region size 1024K, 21 young (21504K), 20 survivors (20480K)
 Metaspace       used 74625K, committed 75264K, reserved 393216K
  class space    used 9993K, committed 10304K, reserved 327680K
}
Event: 139.020 GC heap after
{Heap after GC invocations=12 (full 0):
 garbage-first heap   total 262144K, used 68608K [0x00000000e0000000, 0x0000000100000000)
  region size 1024K, 2 young (2048K), 2 survivors (2048K)
 Metaspace       used 74625K, committed 75264K, reserved 393216K
  class space    used 9993K, committed 10304K, reserved 327680K
}

